Line 225: Class ObAV.jcbutton of control TAB was not a loaded control class.
Line 259: Class ObAV.jcbutton of control TAB was not a loaded control class.
Line 292: Class ObAV.jcbutton of control TAB was not a loaded control class.
Line 325: Class ObAV.jcbutton of control TAB was not a loaded control class.
Line 358: Class ObAV.jcbutton of control TAB was not a loaded control class.
Line 391: Class ObAV.jcbutton of control TAB was not a loaded control class.
Line 424: Class ObAV.jcbutton of control TAB was not a loaded control class.
Line 822: Class ObAV.uTabSonny of control uTabSonny2 was not a loaded control class.
Line 855: Class ObAV.ucFrame of control ucFrame2 was not a loaded control class.
Line 907: Class ObAV.ucFrame of control ucFrame1 was not a loaded control class.
Line 1059: Class ObAV.ucListView of control ucLvQuar was not a loaded control class.
Line 1083: Class ObAV.uTabSonny of control uTabSonny1 was not a loaded control class.
Line 1112: Class ObAV.ucListView of control ucListView2 was not a loaded control class.
Line 1134: Class ObAV.ucListView of control ucListView2 was not a loaded control class.
Line 1168: Class ObAV.ucFrame of control ucFrame1 was not a loaded control class.
Line 1244: Class ObAV.ucFrame of control ucFrame1 was not a loaded control class.
Line 1334: Class ObAV.uTabSonny of control tabson was not a loaded control class.
Line 1368: Class ObAV.DirTree of control DirTree1 was not a loaded control class.
Line 1415: Class ObAV.ucListView of control ucListView1 was not a loaded control class.
Line 1465: Class ObAV.ucListView of control ucListView1 was not a loaded control class.
Line 1515: Class ObAV.ucListView of control ucListView1 was not a loaded control class.
Line 1556: Class ObAV.ucProgressBar of control progBSC was not a loaded control class.
Line 1564: Class ObAV.ucFrame of control ucFrame1 was not a loaded control class.
Line 1630: Class ObAV.ucFrame of control ucFrame1 was not a loaded control class.
Line 1845: Class ObAV.ucListView of control ucLvSign was not a loaded control class.
Line 232: The property name _ExtentX in TAB is invalid.
Line 233: The property name _ExtentY in TAB is invalid.
Line 234: The property name ButtonStyle in TAB is invalid.
Line 235: The property name ShowFocusRect in TAB is invalid.
Line 246: The property name Caption in TAB is invalid.
Line 249: The property name PictureNormal in TAB is invalid.
Line 250: The property name PictureAlign in TAB is invalid.
Line 251: The property name PictureEffectOnOver in TAB is invalid.
Line 252: The property name PictureEffectOnDown in TAB is invalid.
Line 253: The property name PicturePushOnHover in TAB is invalid.
Line 254: The property name DisabledPictureMode in TAB is invalid.
Line 255: The property name CaptionEffects in TAB is invalid.
Line 256: The property name TooltipBackColor in TAB is invalid.
Line 257: The property name ColorScheme in TAB is invalid.
Line 225: Property MouseIcon in TAB could not be set.
Line 266: The property name _ExtentX in TAB is invalid.
Line 267: The property name _ExtentY in TAB is invalid.
Line 268: The property name ButtonStyle in TAB is invalid.
Line 269: The property name ShowFocusRect in TAB is invalid.
Line 280: The property name Caption in TAB is invalid.
Line 283: The property name PictureNormal in TAB is invalid.
Line 284: The property name PictureAlign in TAB is invalid.
Line 285: The property name PictureEffectOnOver in TAB is invalid.
Line 286: The property name PictureEffectOnDown in TAB is invalid.
Line 287: The property name PicturePushOnHover in TAB is invalid.
Line 288: The property name CaptionEffects in TAB is invalid.
Line 289: The property name TooltipBackColor in TAB is invalid.
Line 290: The property name ColorScheme in TAB is invalid.
Line 259: Property MouseIcon in TAB could not be set.
Line 299: The property name _ExtentX in TAB is invalid.
Line 300: The property name _ExtentY in TAB is invalid.
Line 301: The property name ButtonStyle in TAB is invalid.
Line 302: The property name ShowFocusRect in TAB is invalid.
Line 313: The property name Caption in TAB is invalid.
Line 316: The property name PictureNormal in TAB is invalid.
Line 317: The property name PictureAlign in TAB is invalid.
Line 318: The property name PictureEffectOnOver in TAB is invalid.
Line 319: The property name PictureEffectOnDown in TAB is invalid.
Line 320: The property name PicturePushOnHover in TAB is invalid.
Line 321: The property name CaptionEffects in TAB is invalid.
Line 322: The property name TooltipBackColor in TAB is invalid.
Line 323: The property name ColorScheme in TAB is invalid.
Line 292: Property MouseIcon in TAB could not be set.
Line 332: The property name _ExtentX in TAB is invalid.
Line 333: The property name _ExtentY in TAB is invalid.
Line 334: The property name ButtonStyle in TAB is invalid.
Line 335: The property name ShowFocusRect in TAB is invalid.
Line 346: The property name Caption in TAB is invalid.
Line 349: The property name PictureNormal in TAB is invalid.
Line 350: The property name PictureAlign in TAB is invalid.
Line 351: The property name PictureEffectOnOver in TAB is invalid.
Line 352: The property name PictureEffectOnDown in TAB is invalid.
Line 353: The property name PicturePushOnHover in TAB is invalid.
Line 354: The property name CaptionEffects in TAB is invalid.
Line 355: The property name TooltipBackColor in TAB is invalid.
Line 356: The property name ColorScheme in TAB is invalid.
Line 325: Property MouseIcon in TAB could not be set.
Line 365: The property name _ExtentX in TAB is invalid.
Line 366: The property name _ExtentY in TAB is invalid.
Line 367: The property name ButtonStyle in TAB is invalid.
Line 368: The property name ShowFocusRect in TAB is invalid.
Line 379: The property name Caption in TAB is invalid.
Line 382: The property name PictureNormal in TAB is invalid.
Line 383: The property name PictureAlign in TAB is invalid.
Line 384: The property name PictureEffectOnOver in TAB is invalid.
Line 385: The property name PictureEffectOnDown in TAB is invalid.
Line 386: The property name PicturePushOnHover in TAB is invalid.
Line 387: The property name CaptionEffects in TAB is invalid.
Line 388: The property name TooltipBackColor in TAB is invalid.
Line 389: The property name ColorScheme in TAB is invalid.
Line 358: Property MouseIcon in TAB could not be set.
Line 398: The property name _ExtentX in TAB is invalid.
Line 399: The property name _ExtentY in TAB is invalid.
Line 400: The property name ButtonStyle in TAB is invalid.
Line 401: The property name ShowFocusRect in TAB is invalid.
Line 412: The property name Caption in TAB is invalid.
Line 415: The property name PictureNormal in TAB is invalid.
Line 416: The property name PictureAlign in TAB is invalid.
Line 417: The property name PictureEffectOnOver in TAB is invalid.
Line 418: The property name PictureEffectOnDown in TAB is invalid.
Line 419: The property name PicturePushOnHover in TAB is invalid.
Line 420: The property name CaptionEffects in TAB is invalid.
Line 421: The property name TooltipBackColor in TAB is invalid.
Line 422: The property name ColorScheme in TAB is invalid.
Line 391: Property MouseIcon in TAB could not be set.
Line 431: The property name _ExtentX in TAB is invalid.
Line 432: The property name _ExtentY in TAB is invalid.
Line 433: The property name ButtonStyle in TAB is invalid.
Line 434: The property name ShowFocusRect in TAB is invalid.
Line 445: The property name Caption in TAB is invalid.
Line 449: The property name PictureEffectOnOver in TAB is invalid.
Line 450: The property name PictureEffectOnDown in TAB is invalid.
Line 451: The property name PicturePushOnHover in TAB is invalid.
Line 452: The property name CaptionEffects in TAB is invalid.
Line 453: The property name TooltipBackColor in TAB is invalid.
Line 454: The property name ColorScheme in TAB is invalid.
Line 424: Property MouseIcon in TAB could not be set.
Line 828: The property name _ExtentX in uTabSonny2 is invalid.
Line 829: The property name _ExtentY in uTabSonny2 is invalid.
Line 830: The property name tabcount in uTabSonny2 is invalid.
Line 831: The property name aktif in uTabSonny2 is invalid.
Line 832: The property name judul(1) in uTabSonny2 is invalid.
Line 833: The property name judul(2) in uTabSonny2 is invalid.
Line 860: The property name _ExtentX in ucFrame2 is invalid.
Line 861: The property name _ExtentY in ucFrame2 is invalid.
Line 862: The property name Caption in ucFrame2 is invalid.
Line 913: The property name _ExtentX in ucFrame1 is invalid.
Line 914: The property name _ExtentY in ucFrame1 is invalid.
Line 915: The property name Caption in ucFrame1 is invalid.
Line 1065: The property name _ExtentX in ucLvQuar is invalid.
Line 1066: The property name _ExtentY in ucLvQuar is invalid.
Line 1067: The property name StyleEx in ucLvQuar is invalid.
Line 1089: The property name _ExtentX in uTabSonny1 is invalid.
Line 1090: The property name _ExtentY in uTabSonny1 is invalid.
Line 1091: The property name tabcount in uTabSonny1 is invalid.
Line 1092: The property name judul(1) in uTabSonny1 is invalid.
Line 1093: The property name judul(2) in uTabSonny1 is invalid.
Line 1119: The property name _ExtentX in ucListView2 is invalid.
Line 1120: The property name _ExtentY in ucListView2 is invalid.
Line 1121: The property name Style in ucListView2 is invalid.
Line 1122: The property name StyleEx in ucListView2 is invalid.
Line 1141: The property name _ExtentX in ucListView2 is invalid.
Line 1142: The property name _ExtentY in ucListView2 is invalid.
Line 1143: The property name StyleEx in ucListView2 is invalid.
Line 1174: The property name _ExtentX in ucFrame1 is invalid.
Line 1175: The property name _ExtentY in ucFrame1 is invalid.
Line 1176: The property name Caption in ucFrame1 is invalid.
Line 1250: The property name _ExtentX in ucFrame1 is invalid.
Line 1251: The property name _ExtentY in ucFrame1 is invalid.
Line 1252: The property name Caption in ucFrame1 is invalid.
Line 1340: The property name _ExtentX in tabson is invalid.
Line 1341: The property name _ExtentY in tabson is invalid.
Line 1342: The property name tabcount in tabson is invalid.
Line 1343: The property name judul(1) in tabson is invalid.
Line 1344: The property name judul(2) in tabson is invalid.
Line 1345: The property name judul(3) in tabson is invalid.
Line 1346: The property name judul(4) in tabson is invalid.
Line 1347: The property name judul(5) in tabson is invalid.
Line 1374: The property name _ExtentX in DirTree1 is invalid.
Line 1375: The property name _ExtentY in DirTree1 is invalid.
Line 1422: The property name _ExtentX in ucListView1 is invalid.
Line 1423: The property name _ExtentY in ucListView1 is invalid.
Line 1424: The property name StyleEx in ucListView1 is invalid.
Line 1472: The property name _ExtentX in ucListView1 is invalid.
Line 1473: The property name _ExtentY in ucListView1 is invalid.
Line 1474: The property name StyleEx in ucListView1 is invalid.
Line 1522: The property name _ExtentX in ucListView1 is invalid.
Line 1523: The property name _ExtentY in ucListView1 is invalid.
Line 1524: The property name StyleEx in ucListView1 is invalid.
Line 1561: The property name _ExtentX in progBSC is invalid.
Line 1562: The property name _ExtentY in progBSC is invalid.
Line 1570: The property name _ExtentX in ucFrame1 is invalid.
Line 1571: The property name _ExtentY in ucFrame1 is invalid.
Line 1636: The property name _ExtentX in ucFrame1 is invalid.
Line 1637: The property name _ExtentY in ucFrame1 is invalid.
Line 1851: The property name _ExtentX in ucLvSign is invalid.
Line 1852: The property name _ExtentY in ucLvSign is invalid.
Line 1853: The property name StyleEx in ucLvSign is invalid.
